D:\a3\BS_TEMPLATE\作业九九设—远程监控的演示系统\PRG\MyServer\Debug\MyServer.exe
D:\a3\BS_TEMPLATE\作业九九设—远程监控的演示系统\PRG\MyServer\Debug\MyServer.ilk
D:\a3\BS_TEMPLATE\作业九九设—远程监控的演示系统\PRG\MyServer\Debug\MyServer.pdb
D:\a3\BS_TEMPLATE\作业九九设—远程监控的演示系统\PRG\MyServer\MyServer\Debug\cl.command.1.tlog
D:\a3\BS_TEMPLATE\作业九九设—远程监控的演示系统\PRG\MyServer\MyServer\Debug\CL.read.1.tlog
D:\a3\BS_TEMPLATE\作业九九设—远程监控的演示系统\PRG\MyServer\MyServer\Debug\CL.write.1.tlog
D:\a3\BS_TEMPLATE\作业九九设—远程监控的演示系统\PRG\MyServer\MyServer\Debug\link.10060.read.1.tlog
D:\a3\BS_TEMPLATE\作业九九设—远程监控的演示系统\PRG\MyServer\MyServer\Debug\link.10060.write.1.tlog
D:\a3\BS_TEMPLATE\作业九九设—远程监控的演示系统\PRG\MyServer\MyServer\Debug\link.10060-cvtres.read.1.tlog
D:\a3\BS_TEMPLATE\作业九九设—远程监控的演示系统\PRG\MyServer\MyServer\Debug\link.10060-cvtres.write.1.tlog
D:\a3\BS_TEMPLATE\作业九九设—远程监控的演示系统\PRG\MyServer\MyServer\Debug\link.10484.read.1.tlog
D:\a3\BS_TEMPLATE\作业九九设—远程监控的演示系统\PRG\MyServer\MyServer\Debug\link.10484.write.1.tlog
D:\a3\BS_TEMPLATE\作业九九设—远程监控的演示系统\PRG\MyServer\MyServer\Debug\link.10484-cvtres.read.1.tlog
D:\a3\BS_TEMPLATE\作业九九设—远程监控的演示系统\PRG\MyServer\MyServer\Debug\link.10484-cvtres.write.1.tlog
D:\a3\BS_TEMPLATE\作业九九设—远程监控的演示系统\PRG\MyServer\MyServer\Debug\link.10656.read.1.tlog
D:\a3\BS_TEMPLATE\作业九九设—远程监控的演示系统\PRG\MyServer\MyServer\Debug\link.10656.write.1.tlog
D:\a3\BS_TEMPLATE\作业九九设—远程监控的演示系统\PRG\MyServer\MyServer\Debug\link.10656-cvtres.read.1.tlog
D:\a3\BS_TEMPLATE\作业九九设—远程监控的演示系统\PRG\MyServer\MyServer\Debug\link.10656-cvtres.write.1.tlog
D:\a3\BS_TEMPLATE\作业九九设—远程监控的演示系统\PRG\MyServer\MyServer\Debug\link.10668.read.1.tlog
D:\a3\BS_TEMPLATE\作业九九设—远程监控的演示系统\PRG\MyServer\MyServer\Debug\link.10668.write.1.tlog
D:\a3\BS_TEMPLATE\作业九九设—远程监控的演示系统\PRG\MyServer\MyServer\Debug\link.10668-cvtres.read.1.tlog
D:\a3\BS_TEMPLATE\作业九九设—远程监控的演示系统\PRG\MyServer\MyServer\Debug\link.10668-cvtres.write.1.tlog
D:\a3\BS_TEMPLATE\作业九九设—远程监控的演示系统\PRG\MyServer\MyServer\Debug\link.1912.read.1.tlog
D:\a3\BS_TEMPLATE\作业九九设—远程监控的演示系统\PRG\MyServer\MyServer\Debug\link.1912.write.1.tlog
D:\a3\BS_TEMPLATE\作业九九设—远程监控的演示系统\PRG\MyServer\MyServer\Debug\link.1912-cvtres.read.1.tlog
D:\a3\BS_TEMPLATE\作业九九设—远程监控的演示系统\PRG\MyServer\MyServer\Debug\link.1912-cvtres.write.1.tlog
D:\a3\BS_TEMPLATE\作业九九设—远程监控的演示系统\PRG\MyServer\MyServer\Debug\link.4228.read.1.tlog
D:\a3\BS_TEMPLATE\作业九九设—远程监控的演示系统\PRG\MyServer\MyServer\Debug\link.4228.write.1.tlog
D:\a3\BS_TEMPLATE\作业九九设—远程监控的演示系统\PRG\MyServer\MyServer\Debug\link.4228-cvtres.read.1.tlog
D:\a3\BS_TEMPLATE\作业九九设—远程监控的演示系统\PRG\MyServer\MyServer\Debug\link.4228-cvtres.write.1.tlog
D:\a3\BS_TEMPLATE\作业九九设—远程监控的演示系统\PRG\MyServer\MyServer\Debug\link.command.1.tlog
D:\a3\BS_TEMPLATE\作业九九设—远程监控的演示系统\PRG\MyServer\MyServer\Debug\link.read.1.tlog
D:\a3\BS_TEMPLATE\作业九九设—远程监控的演示系统\PRG\MyServer\MyServer\Debug\link.write.1.tlog
D:\a3\BS_TEMPLATE\作业九九设—远程监控的演示系统\PRG\MyServer\MyServer\Debug\link-cvtres.read.1.tlog
D:\a3\BS_TEMPLATE\作业九九设—远程监控的演示系统\PRG\MyServer\MyServer\Debug\link-cvtres.write.1.tlog
D:\a3\BS_TEMPLATE\作业九九设—远程监控的演示系统\PRG\MyServer\MyServer\Debug\mt.command.1.tlog
D:\a3\BS_TEMPLATE\作业九九设—远程监控的演示系统\PRG\MyServer\MyServer\Debug\mt.read.1.tlog
D:\a3\BS_TEMPLATE\作业九九设—远程监控的演示系统\PRG\MyServer\MyServer\Debug\mt.write.1.tlog
D:\A3\BS_TEMPLATE\作业九九设—远程监控的演示系统\PRG\MYSERVER\MYSERVER\DEBUG\MYSERVER.EXE.EMBED.MANIFEST
D:\A3\BS_TEMPLATE\作业九九设—远程监控的演示系统\PRG\MYSERVER\MYSERVER\DEBUG\MYSERVER.EXE.EMBED.MANIFEST.RES
D:\a3\BS_TEMPLATE\作业九九设—远程监控的演示系统\PRG\MyServer\MyServer\Debug\MyServer.exe.intermediate.manifest
D:\A3\BS_TEMPLATE\作业九九设—远程监控的演示系统\PRG\MYSERVER\MYSERVER\DEBUG\MYSERVER.OBJ
D:\A3\BS_TEMPLATE\作业九九设—远程监控的演示系统\PRG\MYSERVER\MYSERVER\DEBUG\MYSERVER.PCH
D:\A3\BS_TEMPLATE\作业九九设—远程监控的演示系统\PRG\MYSERVER\MYSERVER\DEBUG\MYSERVER.RES
D:\a3\BS_TEMPLATE\作业九九设—远程监控的演示系统\PRG\MyServer\MyServer\Debug\MyServer_manifest.rc
D:\A3\BS_TEMPLATE\作业九九设—远程监控的演示系统\PRG\MYSERVER\MYSERVER\DEBUG\MYSERVERDLG.OBJ
D:\a3\BS_TEMPLATE\作业九九设—远程监控的演示系统\PRG\MyServer\MyServer\Debug\rc.command.1.tlog
D:\a3\BS_TEMPLATE\作业九九设—远程监控的演示系统\PRG\MyServer\MyServer\Debug\rc.read.1.tlog
D:\a3\BS_TEMPLATE\作业九九设—远程监控的演示系统\PRG\MyServer\MyServer\Debug\rc.write.1.tlog
D:\A3\BS_TEMPLATE\作业九九设—远程监控的演示系统\PRG\MYSERVER\MYSERVER\DEBUG\STDAFX.OBJ
D:\a3\BS_TEMPLATE\作业九九设—远程监控的演示系统\PRG\MyServer\MyServer\Debug\vc100.idb
D:\A3\BS_TEMPLATE\作业九九设—远程监控的演示系统\PRG\MYSERVER\MYSERVER\DEBUG\VC100.PDB
