Build started 2016/5/28 12:31:02.
     1>Project "D:\a3\BS_TEMPLATE\作业九九设—远程监控的演示系统\PRG\MyServer\MyServer\MyServer.vcxproj" on node 2 (build target(s)).
     1>InitializeBuildStatus:
         Creating "Debug\MyServer.unsuccessfulbuild" because "AlwaysCreate" was specified.
       ClCompile:
         C:\Program Files (x86)\Microsoft Visual Studio 10.0\VC\bin\CL.exe /c /ZI /nologo /W3 /WX- /Od /Oy- /D WIN32 /D _WINDOWS /D _DEBUG /D _UNICODE /D UNICODE /D _ATL_STATIC_REGISTRY /Gm /EHsc /RTC1 /MTd /GS /fp:precise /Zc:wchar_t /Zc:forScope /Yc"StdAfx.h" /Fp"Debug\MyServer.pch" /Fo"Debug\\" /Fd"Debug\vc100.pdb" /Gd /TP /analyze- /errorReport:prompt stdafx.cpp
         stdafx.cpp
         C:\Program Files (x86)\Microsoft Visual Studio 10.0\VC\bin\CL.exe /c /ZI /nologo /W3 /WX- /Od /Oy- /D WIN32 /D _WINDOWS /D _DEBUG /D _UNICODE /D UNICODE /D _ATL_STATIC_REGISTRY /Gm /EHsc /RTC1 /MTd /GS /fp:precise /Zc:wchar_t /Zc:forScope /Yu"StdAfx.h" /Fp"Debug\MyServer.pch" /Fo"Debug\\" /Fd"Debug\vc100.pdb" /Gd /TP /analyze- /errorReport:prompt MyServer.cpp MyServerDlg.cpp
         MyServerDlg.cpp
         MyServer.cpp
         Generating Code...
       ResourceCompile:
         All outputs are up-to-date.
       ManifestResourceCompile:
         All outputs are up-to-date.
       Link:
         C:\Program Files (x86)\Microsoft Visual Studio 10.0\VC\bin\link.exe /ERRORREPORT:PROMPT /OUT:"D:\a3\BS_TEMPLATE\作业九九设—远程监控的演示系统\PRG\MyServer\Debug\MyServer.exe" /INCREMENTAL /NOLOGO /MANIFEST /ManifestFile:"Debug\MyServer.exe.intermediate.manifest" /MANIFESTUAC:"level='asInvoker' uiAccess='false'" /DEBUG /PDB:"D:\a3\BS_TEMPLATE\作业九九设—远程监控的演示系统\PRG\MyServer\Debug\MyServer.pdb" /SUBSYSTEM:WINDOWS /TLBID:1 /ENTRY:"wWinMainCRTStartup" /DYNAMICBASE /NXCOMPAT /IMPLIB:"D:\a3\BS_TEMPLATE\作业九九设—远程监控的演示系统\PRG\MyServer\Debug\MyServer.lib" /MACHINE:X86 Debug\MyServer.res
         Debug\MyServer.exe.embed.manifest.res
         Debug\MyServer.obj
         Debug\MyServerDlg.obj
         Debug\stdafx.obj
       Manifest:
         C:\Program Files (x86)\Microsoft SDKs\Windows\v7.0A\bin\mt.exe /nologo /verbose /out:"Debug\MyServer.exe.embed.manifest" /manifest Debug\MyServer.exe.intermediate.manifest "C:\Program Files (x86)\Microsoft Visual Studio 10.0\VC\Include\Manifest\dpiaware.manifest"
         All outputs are up-to-date.
       LinkEmbedManifest:
         All outputs are up-to-date.
         MyServer.vcxproj -> D:\a3\BS_TEMPLATE\作业九九设—远程监控的演示系统\PRG\MyServer\Debug\MyServer.exe
       FinalizeBuildStatus:
         Deleting file "Debug\MyServer.unsuccessfulbuild".
         Touching "Debug\MyServer.lastbuildstate".
     1>Done Building Project "D:\a3\BS_TEMPLATE\作业九九设—远程监控的演示系统\PRG\MyServer\MyServer\MyServer.vcxproj" (build target(s)).

Build succeeded.

Time Elapsed 00:00:13.21
