D:\A3\BS_TEMPLATE\作业九九设—远程监控的演示系统\PRG\MYCLIENT\DEBUG\MYCLIENT.EXE
D:\A3\BS_TEMPLATE\作业九九设—远程监控的演示系统\PRG\MYCLIENT\DEBUG\MYCLIENT.ILK
D:\A3\BS_TEMPLATE\作业九九设—远程监控的演示系统\PRG\MYCLIENT\DEBUG\MYCLIENT.PDB
D:\a3\BS_TEMPLATE\作业九九设—远程监控的演示系统\PRG\MyClient\MyClient\Debug\cl.command.1.tlog
D:\a3\BS_TEMPLATE\作业九九设—远程监控的演示系统\PRG\MyClient\MyClient\Debug\CL.read.1.tlog
D:\a3\BS_TEMPLATE\作业九九设—远程监控的演示系统\PRG\MyClient\MyClient\Debug\CL.write.1.tlog
D:\A3\BS_TEMPLATE\作业九九设—远程监控的演示系统\PRG\MYCLIENT\MYCLIENT\DEBUG\EDITINFODLG.OBJ
D:\a3\BS_TEMPLATE\作业九九设—远程监控的演示系统\PRG\MyClient\MyClient\Debug\link.10208.read.1.tlog
D:\a3\BS_TEMPLATE\作业九九设—远程监控的演示系统\PRG\MyClient\MyClient\Debug\link.10208.write.1.tlog
D:\a3\BS_TEMPLATE\作业九九设—远程监控的演示系统\PRG\MyClient\MyClient\Debug\link.10208-cvtres.read.1.tlog
D:\a3\BS_TEMPLATE\作业九九设—远程监控的演示系统\PRG\MyClient\MyClient\Debug\link.10208-cvtres.write.1.tlog
D:\a3\BS_TEMPLATE\作业九九设—远程监控的演示系统\PRG\MyClient\MyClient\Debug\link.10332.read.1.tlog
D:\a3\BS_TEMPLATE\作业九九设—远程监控的演示系统\PRG\MyClient\MyClient\Debug\link.10332.write.1.tlog
D:\a3\BS_TEMPLATE\作业九九设—远程监控的演示系统\PRG\MyClient\MyClient\Debug\link.10332-cvtres.read.1.tlog
D:\a3\BS_TEMPLATE\作业九九设—远程监控的演示系统\PRG\MyClient\MyClient\Debug\link.10332-cvtres.write.1.tlog
D:\a3\BS_TEMPLATE\作业九九设—远程监控的演示系统\PRG\MyClient\MyClient\Debug\link.10704.read.1.tlog
D:\a3\BS_TEMPLATE\作业九九设—远程监控的演示系统\PRG\MyClient\MyClient\Debug\link.10704.write.1.tlog
D:\a3\BS_TEMPLATE\作业九九设—远程监控的演示系统\PRG\MyClient\MyClient\Debug\link.10704-cvtres.read.1.tlog
D:\a3\BS_TEMPLATE\作业九九设—远程监控的演示系统\PRG\MyClient\MyClient\Debug\link.10704-cvtres.write.1.tlog
D:\a3\BS_TEMPLATE\作业九九设—远程监控的演示系统\PRG\MyClient\MyClient\Debug\link.10708.read.1.tlog
D:\a3\BS_TEMPLATE\作业九九设—远程监控的演示系统\PRG\MyClient\MyClient\Debug\link.10708.write.1.tlog
D:\a3\BS_TEMPLATE\作业九九设—远程监控的演示系统\PRG\MyClient\MyClient\Debug\link.10708-cvtres.read.1.tlog
D:\a3\BS_TEMPLATE\作业九九设—远程监控的演示系统\PRG\MyClient\MyClient\Debug\link.10708-cvtres.write.1.tlog
D:\a3\BS_TEMPLATE\作业九九设—远程监控的演示系统\PRG\MyClient\MyClient\Debug\link.10748.read.1.tlog
D:\a3\BS_TEMPLATE\作业九九设—远程监控的演示系统\PRG\MyClient\MyClient\Debug\link.10748.write.1.tlog
D:\a3\BS_TEMPLATE\作业九九设—远程监控的演示系统\PRG\MyClient\MyClient\Debug\link.10748-cvtres.read.1.tlog
D:\a3\BS_TEMPLATE\作业九九设—远程监控的演示系统\PRG\MyClient\MyClient\Debug\link.10748-cvtres.write.1.tlog
D:\a3\BS_TEMPLATE\作业九九设—远程监控的演示系统\PRG\MyClient\MyClient\Debug\link.12008.read.1.tlog
D:\a3\BS_TEMPLATE\作业九九设—远程监控的演示系统\PRG\MyClient\MyClient\Debug\link.12008.write.1.tlog
D:\a3\BS_TEMPLATE\作业九九设—远程监控的演示系统\PRG\MyClient\MyClient\Debug\link.12008-cvtres.read.1.tlog
D:\a3\BS_TEMPLATE\作业九九设—远程监控的演示系统\PRG\MyClient\MyClient\Debug\link.12008-cvtres.write.1.tlog
D:\a3\BS_TEMPLATE\作业九九设—远程监控的演示系统\PRG\MyClient\MyClient\Debug\link.12276.read.1.tlog
D:\a3\BS_TEMPLATE\作业九九设—远程监控的演示系统\PRG\MyClient\MyClient\Debug\link.12276.write.1.tlog
D:\a3\BS_TEMPLATE\作业九九设—远程监控的演示系统\PRG\MyClient\MyClient\Debug\link.12276-cvtres.read.1.tlog
D:\a3\BS_TEMPLATE\作业九九设—远程监控的演示系统\PRG\MyClient\MyClient\Debug\link.12276-cvtres.write.1.tlog
D:\a3\BS_TEMPLATE\作业九九设—远程监控的演示系统\PRG\MyClient\MyClient\Debug\link.1276.read.1.tlog
D:\a3\BS_TEMPLATE\作业九九设—远程监控的演示系统\PRG\MyClient\MyClient\Debug\link.1276.write.1.tlog
D:\a3\BS_TEMPLATE\作业九九设—远程监控的演示系统\PRG\MyClient\MyClient\Debug\link.1276-cvtres.read.1.tlog
D:\a3\BS_TEMPLATE\作业九九设—远程监控的演示系统\PRG\MyClient\MyClient\Debug\link.1276-cvtres.write.1.tlog
D:\a3\BS_TEMPLATE\作业九九设—远程监控的演示系统\PRG\MyClient\MyClient\Debug\link.1912.read.1.tlog
D:\a3\BS_TEMPLATE\作业九九设—远程监控的演示系统\PRG\MyClient\MyClient\Debug\link.1912.write.1.tlog
D:\a3\BS_TEMPLATE\作业九九设—远程监控的演示系统\PRG\MyClient\MyClient\Debug\link.1912-cvtres.read.1.tlog
D:\a3\BS_TEMPLATE\作业九九设—远程监控的演示系统\PRG\MyClient\MyClient\Debug\link.1912-cvtres.write.1.tlog
D:\a3\BS_TEMPLATE\作业九九设—远程监控的演示系统\PRG\MyClient\MyClient\Debug\link.1936.read.1.tlog
D:\a3\BS_TEMPLATE\作业九九设—远程监控的演示系统\PRG\MyClient\MyClient\Debug\link.1936.write.1.tlog
D:\a3\BS_TEMPLATE\作业九九设—远程监控的演示系统\PRG\MyClient\MyClient\Debug\link.1936-cvtres.read.1.tlog
D:\a3\BS_TEMPLATE\作业九九设—远程监控的演示系统\PRG\MyClient\MyClient\Debug\link.1936-cvtres.write.1.tlog
D:\a3\BS_TEMPLATE\作业九九设—远程监控的演示系统\PRG\MyClient\MyClient\Debug\link.1948.read.1.tlog
D:\a3\BS_TEMPLATE\作业九九设—远程监控的演示系统\PRG\MyClient\MyClient\Debug\link.1948.write.1.tlog
D:\a3\BS_TEMPLATE\作业九九设—远程监控的演示系统\PRG\MyClient\MyClient\Debug\link.1948-cvtres.read.1.tlog
D:\a3\BS_TEMPLATE\作业九九设—远程监控的演示系统\PRG\MyClient\MyClient\Debug\link.1948-cvtres.write.1.tlog
D:\a3\BS_TEMPLATE\作业九九设—远程监控的演示系统\PRG\MyClient\MyClient\Debug\link.3712.read.1.tlog
D:\a3\BS_TEMPLATE\作业九九设—远程监控的演示系统\PRG\MyClient\MyClient\Debug\link.3712.write.1.tlog
D:\a3\BS_TEMPLATE\作业九九设—远程监控的演示系统\PRG\MyClient\MyClient\Debug\link.3712-cvtres.read.1.tlog
D:\a3\BS_TEMPLATE\作业九九设—远程监控的演示系统\PRG\MyClient\MyClient\Debug\link.3712-cvtres.write.1.tlog
D:\a3\BS_TEMPLATE\作业九九设—远程监控的演示系统\PRG\MyClient\MyClient\Debug\link.4188.read.1.tlog
D:\a3\BS_TEMPLATE\作业九九设—远程监控的演示系统\PRG\MyClient\MyClient\Debug\link.4188.write.1.tlog
D:\a3\BS_TEMPLATE\作业九九设—远程监控的演示系统\PRG\MyClient\MyClient\Debug\link.4188-cvtres.read.1.tlog
D:\a3\BS_TEMPLATE\作业九九设—远程监控的演示系统\PRG\MyClient\MyClient\Debug\link.4188-cvtres.write.1.tlog
D:\a3\BS_TEMPLATE\作业九九设—远程监控的演示系统\PRG\MyClient\MyClient\Debug\link.7416.read.1.tlog
D:\a3\BS_TEMPLATE\作业九九设—远程监控的演示系统\PRG\MyClient\MyClient\Debug\link.7416.write.1.tlog
D:\a3\BS_TEMPLATE\作业九九设—远程监控的演示系统\PRG\MyClient\MyClient\Debug\link.7416-cvtres.read.1.tlog
D:\a3\BS_TEMPLATE\作业九九设—远程监控的演示系统\PRG\MyClient\MyClient\Debug\link.7416-cvtres.write.1.tlog
D:\a3\BS_TEMPLATE\作业九九设—远程监控的演示系统\PRG\MyClient\MyClient\Debug\link.7624.read.1.tlog
D:\a3\BS_TEMPLATE\作业九九设—远程监控的演示系统\PRG\MyClient\MyClient\Debug\link.7624.write.1.tlog
D:\a3\BS_TEMPLATE\作业九九设—远程监控的演示系统\PRG\MyClient\MyClient\Debug\link.7624-cvtres.read.1.tlog
D:\a3\BS_TEMPLATE\作业九九设—远程监控的演示系统\PRG\MyClient\MyClient\Debug\link.7624-cvtres.write.1.tlog
D:\a3\BS_TEMPLATE\作业九九设—远程监控的演示系统\PRG\MyClient\MyClient\Debug\link.7652.read.1.tlog
D:\a3\BS_TEMPLATE\作业九九设—远程监控的演示系统\PRG\MyClient\MyClient\Debug\link.7652.write.1.tlog
D:\a3\BS_TEMPLATE\作业九九设—远程监控的演示系统\PRG\MyClient\MyClient\Debug\link.7652-cvtres.read.1.tlog
D:\a3\BS_TEMPLATE\作业九九设—远程监控的演示系统\PRG\MyClient\MyClient\Debug\link.7652-cvtres.write.1.tlog
D:\a3\BS_TEMPLATE\作业九九设—远程监控的演示系统\PRG\MyClient\MyClient\Debug\link.7712.read.1.tlog
D:\a3\BS_TEMPLATE\作业九九设—远程监控的演示系统\PRG\MyClient\MyClient\Debug\link.7712.write.1.tlog
D:\a3\BS_TEMPLATE\作业九九设—远程监控的演示系统\PRG\MyClient\MyClient\Debug\link.7712-cvtres.read.1.tlog
D:\a3\BS_TEMPLATE\作业九九设—远程监控的演示系统\PRG\MyClient\MyClient\Debug\link.7712-cvtres.write.1.tlog
D:\a3\BS_TEMPLATE\作业九九设—远程监控的演示系统\PRG\MyClient\MyClient\Debug\link.7836.read.1.tlog
D:\a3\BS_TEMPLATE\作业九九设—远程监控的演示系统\PRG\MyClient\MyClient\Debug\link.7836.write.1.tlog
D:\a3\BS_TEMPLATE\作业九九设—远程监控的演示系统\PRG\MyClient\MyClient\Debug\link.7836-cvtres.read.1.tlog
D:\a3\BS_TEMPLATE\作业九九设—远程监控的演示系统\PRG\MyClient\MyClient\Debug\link.7836-cvtres.write.1.tlog
D:\a3\BS_TEMPLATE\作业九九设—远程监控的演示系统\PRG\MyClient\MyClient\Debug\link.7884.read.1.tlog
D:\a3\BS_TEMPLATE\作业九九设—远程监控的演示系统\PRG\MyClient\MyClient\Debug\link.7884.write.1.tlog
D:\a3\BS_TEMPLATE\作业九九设—远程监控的演示系统\PRG\MyClient\MyClient\Debug\link.7884-cvtres.read.1.tlog
D:\a3\BS_TEMPLATE\作业九九设—远程监控的演示系统\PRG\MyClient\MyClient\Debug\link.7884-cvtres.write.1.tlog
D:\a3\BS_TEMPLATE\作业九九设—远程监控的演示系统\PRG\MyClient\MyClient\Debug\link.8324.read.1.tlog
D:\a3\BS_TEMPLATE\作业九九设—远程监控的演示系统\PRG\MyClient\MyClient\Debug\link.8324.write.1.tlog
D:\a3\BS_TEMPLATE\作业九九设—远程监控的演示系统\PRG\MyClient\MyClient\Debug\link.8324-cvtres.read.1.tlog
D:\a3\BS_TEMPLATE\作业九九设—远程监控的演示系统\PRG\MyClient\MyClient\Debug\link.8324-cvtres.write.1.tlog
D:\a3\BS_TEMPLATE\作业九九设—远程监控的演示系统\PRG\MyClient\MyClient\Debug\link.8360.read.1.tlog
D:\a3\BS_TEMPLATE\作业九九设—远程监控的演示系统\PRG\MyClient\MyClient\Debug\link.8360.write.1.tlog
D:\a3\BS_TEMPLATE\作业九九设—远程监控的演示系统\PRG\MyClient\MyClient\Debug\link.8360-cvtres.read.1.tlog
D:\a3\BS_TEMPLATE\作业九九设—远程监控的演示系统\PRG\MyClient\MyClient\Debug\link.8360-cvtres.write.1.tlog
D:\a3\BS_TEMPLATE\作业九九设—远程监控的演示系统\PRG\MyClient\MyClient\Debug\link.9528.read.1.tlog
D:\a3\BS_TEMPLATE\作业九九设—远程监控的演示系统\PRG\MyClient\MyClient\Debug\link.9528.write.1.tlog
D:\a3\BS_TEMPLATE\作业九九设—远程监控的演示系统\PRG\MyClient\MyClient\Debug\link.9528-cvtres.read.1.tlog
D:\a3\BS_TEMPLATE\作业九九设—远程监控的演示系统\PRG\MyClient\MyClient\Debug\link.9528-cvtres.write.1.tlog
D:\a3\BS_TEMPLATE\作业九九设—远程监控的演示系统\PRG\MyClient\MyClient\Debug\link.9560.read.1.tlog
D:\a3\BS_TEMPLATE\作业九九设—远程监控的演示系统\PRG\MyClient\MyClient\Debug\link.9560.write.1.tlog
D:\a3\BS_TEMPLATE\作业九九设—远程监控的演示系统\PRG\MyClient\MyClient\Debug\link.9560-cvtres.read.1.tlog
D:\a3\BS_TEMPLATE\作业九九设—远程监控的演示系统\PRG\MyClient\MyClient\Debug\link.9560-cvtres.write.1.tlog
D:\a3\BS_TEMPLATE\作业九九设—远程监控的演示系统\PRG\MyClient\MyClient\Debug\link.9720.read.1.tlog
D:\a3\BS_TEMPLATE\作业九九设—远程监控的演示系统\PRG\MyClient\MyClient\Debug\link.9720.write.1.tlog
D:\a3\BS_TEMPLATE\作业九九设—远程监控的演示系统\PRG\MyClient\MyClient\Debug\link.9720-cvtres.read.1.tlog
D:\a3\BS_TEMPLATE\作业九九设—远程监控的演示系统\PRG\MyClient\MyClient\Debug\link.9720-cvtres.write.1.tlog
D:\a3\BS_TEMPLATE\作业九九设—远程监控的演示系统\PRG\MyClient\MyClient\Debug\link.command.1.tlog
D:\a3\BS_TEMPLATE\作业九九设—远程监控的演示系统\PRG\MyClient\MyClient\Debug\link.read.1.tlog
D:\a3\BS_TEMPLATE\作业九九设—远程监控的演示系统\PRG\MyClient\MyClient\Debug\link.write.1.tlog
D:\a3\BS_TEMPLATE\作业九九设—远程监控的演示系统\PRG\MyClient\MyClient\Debug\link-cvtres.read.1.tlog
D:\a3\BS_TEMPLATE\作业九九设—远程监控的演示系统\PRG\MyClient\MyClient\Debug\link-cvtres.write.1.tlog
D:\a3\BS_TEMPLATE\作业九九设—远程监控的演示系统\PRG\MyClient\MyClient\Debug\msado27.tlh
D:\a3\BS_TEMPLATE\作业九九设—远程监控的演示系统\PRG\MyClient\MyClient\Debug\msado27.tli
D:\a3\BS_TEMPLATE\作业九九设—远程监控的演示系统\PRG\MyClient\MyClient\Debug\mt.command.1.tlog
D:\a3\BS_TEMPLATE\作业九九设—远程监控的演示系统\PRG\MyClient\MyClient\Debug\mt.read.1.tlog
D:\a3\BS_TEMPLATE\作业九九设—远程监控的演示系统\PRG\MyClient\MyClient\Debug\mt.write.1.tlog
D:\a3\BS_TEMPLATE\作业九九设—远程监控的演示系统\PRG\MyClient\MyClient\Debug\MyClient.exe.embed.manifest
D:\A3\BS_TEMPLATE\作业九九设—远程监控的演示系统\PRG\MYCLIENT\MYCLIENT\DEBUG\MYCLIENT.EXE.EMBED.MANIFEST.RES
D:\A3\BS_TEMPLATE\作业九九设—远程监控的演示系统\PRG\MYCLIENT\MYCLIENT\DEBUG\MYCLIENT.EXE.INTERMEDIATE.MANIFEST
D:\A3\BS_TEMPLATE\作业九九设—远程监控的演示系统\PRG\MYCLIENT\MYCLIENT\DEBUG\MYCLIENT.OBJ
D:\A3\BS_TEMPLATE\作业九九设—远程监控的演示系统\PRG\MYCLIENT\MYCLIENT\DEBUG\MYCLIENT.PCH
D:\A3\BS_TEMPLATE\作业九九设—远程监控的演示系统\PRG\MYCLIENT\MYCLIENT\DEBUG\MYCLIENT.RES
D:\a3\BS_TEMPLATE\作业九九设—远程监控的演示系统\PRG\MyClient\MyClient\Debug\MyClient_manifest.rc
D:\A3\BS_TEMPLATE\作业九九设—远程监控的演示系统\PRG\MYCLIENT\MYCLIENT\DEBUG\MYCLIENTDLG.OBJ
D:\a3\BS_TEMPLATE\作业九九设—远程监控的演示系统\PRG\MyClient\MyClient\Debug\rc.command.1.tlog
D:\a3\BS_TEMPLATE\作业九九设—远程监控的演示系统\PRG\MyClient\MyClient\Debug\rc.read.1.tlog
D:\a3\BS_TEMPLATE\作业九九设—远程监控的演示系统\PRG\MyClient\MyClient\Debug\rc.write.1.tlog
D:\A3\BS_TEMPLATE\作业九九设—远程监控的演示系统\PRG\MYCLIENT\MYCLIENT\DEBUG\STDAFX.OBJ
D:\a3\BS_TEMPLATE\作业九九设—远程监控的演示系统\PRG\MyClient\MyClient\Debug\vc100.idb
D:\A3\BS_TEMPLATE\作业九九设—远程监控的演示系统\PRG\MYCLIENT\MYCLIENT\DEBUG\VC100.PDB
D:\T\MYCLIENT\DEBUG\MYCLIENT.EXE
D:\T\MYCLIENT\DEBUG\MYCLIENT.ILK
D:\T\MYCLIENT\DEBUG\MYCLIENT.PDB
D:\T\MYCLIENT\MYCLIENT\DEBUG\MYCLIENT.EXE.EMBED.MANIFEST
D:\T\MYCLIENT\MYCLIENT\DEBUG\MYCLIENT.EXE.EMBED.MANIFEST.RES
D:\T\MYCLIENT\MYCLIENT\DEBUG\MYCLIENT.EXE.INTERMEDIATE.MANIFEST
D:\T\MYCLIENT\MYCLIENT\DEBUG\MYCLIENT.OBJ
D:\T\MYCLIENT\MYCLIENT\DEBUG\MYCLIENT.PCH
D:\T\MYCLIENT\MYCLIENT\DEBUG\MYCLIENT.RES
D:\T\MYCLIENT\MYCLIENT\DEBUG\MYCLIENTDLG.OBJ
D:\T\MYCLIENT\MYCLIENT\DEBUG\STDAFX.OBJ
D:\T\MYCLIENT\MYCLIENT\DEBUG\VC100.PDB
